2019-05-07 14:08:50.829  INFO 1892 --- [  restartedMain] ationConfigEmbeddedWebApplicationContext : Refreshing org.springframework.boot.context.embedded.AnnotationConfigEmbeddedWebApplicationContext@7d4f33f7: startup date [Tue May 07 14:08:50 KST 2019]; root of context hierarchy
2019-05-07 14:08:51.526  INFO 1892 --- [  restartedMain] o.s.b.f.s.DefaultListableBeanFactory     : Overriding bean definition for bean 'dataSource' with a different definition: replacing [Root bean: class [null]; scope=; abstract=false; lazyInit=false; autowireMode=3; dependencyCheck=0; autowireCandidate=true; primary=false; factoryBeanName=org.springframework.boot.autoconfigure.jdbc.DataSourceConfiguration$Dbcp2; factoryMethodName=dataSource; initMethodName=null; destroyMethodName=(inferred); defined in class path resource [org/springframework/boot/autoconfigure/jdbc/DataSourceConfiguration$Dbcp2.class]] with [Root bean: class [null]; scope=; abstract=false; lazyInit=false; autowireMode=3; dependencyCheck=0; autowireCandidate=true; primary=false; factoryBeanName=org.springframework.boot.autoconfigure.jdbc.DataSourceConfiguration$Tomcat; factoryMethodName=dataSource; initMethodName=null; destroyMethodName=(inferred); defined in class path resource [org/springframework/boot/autoconfigure/jdbc/DataSourceConfiguration$Tomcat.class]]
2019-05-07 14:08:51.556  INFO 1892 --- [  restartedMain] o.s.b.f.s.DefaultListableBeanFactory     : Overriding bean definition for bean 'httpRequestHandlerAdapter' with a different definition: replacing [Root bean: class [null]; scope=; abstract=false; lazyInit=false; autowireMode=3; dependencyCheck=0; autowireCandidate=true; primary=false; factoryBeanName=org.springframework.boot.autoconfigure.web.WebMvcAutoConfiguration$EnableWebMvcConfiguration; factoryMethodName=httpRequestHandlerAdapter; initMethodName=null; destroyMethodName=(inferred); defined in class path resource [org/springframework/boot/autoconfigure/web/WebMvcAutoConfiguration$EnableWebMvcConfiguration.class]] with [Root bean: class [null]; scope=; abstract=false; lazyInit=false; autowireMode=3; dependencyCheck=0; autowireCandidate=true; primary=false; factoryBeanName=org.springframework.data.rest.webmvc.config.RepositoryRestMvcConfiguration; factoryMethodName=httpRequestHandlerAdapter; initMethodName=null; destroyMethodName=(inferred); defined in class path resource [org/springframework/data/rest/webmvc/config/RepositoryRestMvcConfiguration.class]]
2019-05-07 14:08:51.782  INFO 1892 --- [  restartedMain] trationDelegate$BeanPostProcessorChecker : Bean 'org.springframework.transaction.annotation.ProxyTransactionManagementConfiguration' of type [org.springframework.transaction.annotation.ProxyTransactionManagementConfiguration$$EnhancerBySpringCGLIB$$5a069a3] is not eligible for getting processed by all BeanPostProcessors (for example: not eligible for auto-proxying)
2019-05-07 14:08:51.973  INFO 1892 --- [  restartedMain] s.b.c.e.t.TomcatEmbeddedServletContainer : Tomcat initialized with port(s): 8197 (http)
2019-05-07 14:08:52.031  INFO 1892 --- [ost-startStop-1] o.s.web.context.ContextLoader            : Root WebApplicationContext: initialization completed in 1202 ms
2019-05-07 14:08:52.124  INFO 1892 --- [ost-startStop-1] o.s.b.w.servlet.ServletRegistrationBean  : Mapping servlet: 'dispatcherServlet' to [/]
2019-05-07 14:08:52.126  INFO 1892 --- [ost-startStop-1] o.s.b.w.servlet.FilterRegistrationBean   : Mapping filter: 'characterEncodingFilter' to: [/*]
2019-05-07 14:08:52.126  INFO 1892 --- [ost-startStop-1] o.s.b.w.servlet.FilterRegistrationBean   : Mapping filter: 'hiddenHttpMethodFilter' to: [/*]
2019-05-07 14:08:52.126  INFO 1892 --- [ost-startStop-1] o.s.b.w.servlet.FilterRegistrationBean   : Mapping filter: 'httpPutFormContentFilter' to: [/*]
2019-05-07 14:08:52.126  INFO 1892 --- [ost-startStop-1] o.s.b.w.servlet.FilterRegistrationBean   : Mapping filter: 'requestContextFilter' to: [/*]
2019-05-07 14:08:52.661  INFO 1892 --- [  restartedMain] s.w.s.m.m.a.RequestMappingHandlerMapping : Mapped "{[/api/findLikeEmployees/{name}],methods=[GET]}" onto public org.springframework.http.ResponseEntity<java.util.List<com.ssafy.edu.vue.dto.EmployeeDto>> com.ssafy.edu.vue.controller.EmployeeController.findLikeEmployees(java.lang.String) throws java.lang.Exception
2019-05-07 14:08:52.662  INFO 1892 --- [  restartedMain] s.w.s.m.m.a.RequestMappingHandlerMapping : Mapped "{[/api/getEmployeesTotal],methods=[GET]}" onto public org.springframework.http.ResponseEntity<com.ssafy.edu.vue.help.NumberResult> com.ssafy.edu.vue.controller.EmployeeController.getEmployeesTotal() throws java.lang.Exception
2019-05-07 14:08:52.662  INFO 1892 --- [  restartedMain] s.w.s.m.m.a.RequestMappingHandlerMapping : Mapped "{[/api/findAllDepartments],methods=[GET]}" onto public org.springframework.http.ResponseEntity<java.util.List<com.ssafy.edu.vue.dto.DepartmentDto>> com.ssafy.edu.vue.controller.EmployeeController.findAllDepartments() throws java.lang.Exception
2019-05-07 14:08:52.662  INFO 1892 --- [  restartedMain] s.w.s.m.m.a.RequestMappingHandlerMapping : Mapped "{[/api/findAllTitles],methods=[GET]}" onto public org.springframework.http.ResponseEntity<java.util.List<com.ssafy.edu.vue.dto.EmployeeDto>> com.ssafy.edu.vue.controller.EmployeeController.findAllTitles() throws java.lang.Exception
2019-05-07 14:08:52.663  INFO 1892 --- [  restartedMain] s.w.s.m.m.a.RequestMappingHandlerMapping : Mapped "{[/api/updateEmployee],methods=[POST]}" onto public org.springframework.http.ResponseEntity<com.ssafy.edu.vue.help.BoolResult> com.ssafy.edu.vue.controller.EmployeeController.updateEmployee(com.ssafy.edu.vue.dto.EmployeeDto) throws java.lang.Exception
2019-05-07 14:08:52.663  INFO 1892 --- [  restartedMain] s.w.s.m.m.a.RequestMappingHandlerMapping : Mapped "{[/api/addEmployee],methods=[POST]}" onto public org.springframework.http.ResponseEntity<com.ssafy.edu.vue.help.NumberResult> com.ssafy.edu.vue.controller.EmployeeController.addEmployee(com.ssafy.edu.vue.dto.EmployeeDto) throws java.lang.Exception
2019-05-07 14:08:52.663  INFO 1892 --- [  restartedMain] s.w.s.m.m.a.RequestMappingHandlerMapping : Mapped "{[/api/findAllEmployees],methods=[GET]}" onto public org.springframework.http.ResponseEntity<java.util.List<com.ssafy.edu.vue.dto.EmployeeDto>> com.ssafy.edu.vue.controller.EmployeeController.findAllEmployees() throws java.lang.Exception
2019-05-07 14:08:52.663  INFO 1892 --- [  restartedMain] s.w.s.m.m.a.RequestMappingHandlerMapping : Mapped "{[/api/deleteEmployee/{employeeId}],methods=[POST]}" onto public org.springframework.http.ResponseEntity<com.ssafy.edu.vue.help.BoolResult> com.ssafy.edu.vue.controller.EmployeeController.deleteEmployee(int) throws java.lang.Exception
2019-05-07 14:08:52.664  INFO 1892 --- [  restartedMain] s.w.s.m.m.a.RequestMappingHandlerMapping : Mapped "{[/api/findEmployeeById/{id}],methods=[GET]}" onto public org.springframework.http.ResponseEntity<com.ssafy.edu.vue.dto.EmployeeDto> com.ssafy.edu.vue.controller.EmployeeController.findEmployeeById(int) throws java.lang.Exception
2019-05-07 14:08:52.664  INFO 1892 --- [  restartedMain] s.w.s.m.m.a.RequestMappingHandlerMapping : Mapped "{[/v2/api-docs],methods=[GET],produces=[application/json || application/hal+json]}" onto public org.springframework.http.ResponseEntity<springfox.documentation.spring.web.json.Json> springfox.documentation.swagger2.web.Swagger2Controller.getDocumentation(java.lang.String,javax.servlet.http.HttpServletRequest)
2019-05-07 14:08:52.665  INFO 1892 --- [  restartedMain] s.w.s.m.m.a.RequestMappingHandlerMapping : Mapped "{[/configuration/security]}" onto org.springframework.http.ResponseEntity<springfox.documentation.swagger.web.SecurityConfiguration> springfox.documentation.swagger.web.ApiResourceController.securityConfiguration()
2019-05-07 14:08:52.666  INFO 1892 --- [  restartedMain] s.w.s.m.m.a.RequestMappingHandlerMapping : Mapped "{[/configuration/ui]}" onto org.springframework.http.ResponseEntity<springfox.documentation.swagger.web.UiConfiguration> springfox.documentation.swagger.web.ApiResourceController.uiConfiguration()
2019-05-07 14:08:52.666  INFO 1892 --- [  restartedMain] s.w.s.m.m.a.RequestMappingHandlerMapping : Mapped "{[/swagger-resources]}" onto org.springframework.http.ResponseEntity<java.util.List<springfox.documentation.swagger.web.SwaggerResource>> springfox.documentation.swagger.web.ApiResourceController.swaggerResources()
2019-05-07 14:08:52.667  INFO 1892 --- [  restartedMain] s.w.s.m.m.a.RequestMappingHandlerMapping : Mapped "{[/error]}" onto public org.springframework.http.ResponseEntity<java.util.Map<java.lang.String, java.lang.Object>> org.springframework.boot.autoconfigure.web.BasicErrorController.error(javax.servlet.http.HttpServletRequest)
2019-05-07 14:08:52.668  INFO 1892 --- [  restartedMain] s.w.s.m.m.a.RequestMappingHandlerMapping : Mapped "{[/error],produces=[text/html]}" onto public org.springframework.web.servlet.ModelAndView org.springframework.boot.autoconfigure.web.BasicErrorController.errorHtml(javax.servlet.http.HttpServletRequest,javax.servlet.http.HttpServletResponse)
2019-05-07 14:08:52.855  INFO 1892 --- [  restartedMain] s.w.s.m.m.a.RequestMappingHandlerAdapter : Looking for @ControllerAdvice: org.springframework.boot.context.embedded.AnnotationConfigEmbeddedWebApplicationContext@7d4f33f7: startup date [Tue May 07 14:08:50 KST 2019]; root of context hierarchy
2019-05-07 14:08:52.886  INFO 1892 --- [  restartedMain] o.s.w.s.handler.SimpleUrlHandlerMapping  : Mapped URL path [/webjars/**] onto handler of type [class org.springframework.web.servlet.resource.ResourceHttpRequestHandler]
2019-05-07 14:08:52.887  INFO 1892 --- [  restartedMain] o.s.w.s.handler.SimpleUrlHandlerMapping  : Mapped URL path [/**] onto handler of type [class org.springframework.web.servlet.resource.ResourceHttpRequestHandler]
2019-05-07 14:08:52.896  INFO 1892 --- [  restartedMain] .m.m.a.ExceptionHandlerExceptionResolver : Detected @ExceptionHandler methods in repositoryRestExceptionHandler
2019-05-07 14:08:52.927  INFO 1892 --- [  restartedMain] o.s.w.s.handler.SimpleUrlHandlerMapping  : Mapped URL path [/**/favicon.ico] onto handler of type [class org.springframework.web.servlet.resource.ResourceHttpRequestHandler]
2019-05-07 14:08:52.986  INFO 1892 --- [  restartedMain] o.s.d.r.w.RepositoryRestHandlerAdapter   : Looking for @ControllerAdvice: org.springframework.boot.context.embedded.AnnotationConfigEmbeddedWebApplicationContext@7d4f33f7: startup date [Tue May 07 14:08:50 KST 2019]; root of context hierarchy
2019-05-07 14:08:53.002  INFO 1892 --- [  restartedMain] o.s.d.r.w.RepositoryRestHandlerMapping   : Mapped "{[/ || ],methods=[GET],produces=[application/hal+json || application/json]}" onto public org.springframework.http.HttpEntity<org.springframework.data.rest.webmvc.RepositoryLinksResource> org.springframework.data.rest.webmvc.RepositoryController.listRepositories()
2019-05-07 14:08:53.002  INFO 1892 --- [  restartedMain] o.s.d.r.w.RepositoryRestHandlerMapping   : Mapped "{[/ || ],methods=[OPTIONS],produces=[application/hal+json || application/json]}" onto public org.springframework.http.HttpEntity<?> org.springframework.data.rest.webmvc.RepositoryController.optionsForRepositories()
2019-05-07 14:08:53.002  INFO 1892 --- [  restartedMain] o.s.d.r.w.RepositoryRestHandlerMapping   : Mapped "{[/ || ],methods=[HEAD],produces=[application/hal+json || application/json]}" onto public org.springframework.http.ResponseEntity<?> org.springframework.data.rest.webmvc.RepositoryController.headForRepositories()
2019-05-07 14:08:53.033  INFO 1892 --- [  restartedMain] o.s.d.r.w.RepositoryRestHandlerMapping   : Mapped "{[/{repository}/{id}/{property}/{propertyId}],methods=[GET],produces=[application/hal+json || application/json]}" onto public org.springframework.http.ResponseEntity<org.springframework.hateoas.ResourceSupport> org.springframework.data.rest.webmvc.RepositoryPropertyReferenceController.followPropertyReference(org.springframework.data.rest.webmvc.RootResourceInformation,java.io.Serializable,java.lang.String,java.lang.String,org.springframework.data.rest.webmvc.PersistentEntityResourceAssembler) throws java.lang.Exception
2019-05-07 14:08:53.033  INFO 1892 --- [  restartedMain] o.s.d.r.w.RepositoryRestHandlerMapping   : Mapped "{[/{repository}/{id}/{property}],methods=[GET],produces=[application/hal+json || application/json]}" onto public org.springframework.http.ResponseEntity<org.springframework.hateoas.ResourceSupport> org.springframework.data.rest.webmvc.RepositoryPropertyReferenceController.followPropertyReference(org.springframework.data.rest.webmvc.RootResourceInformation,java.io.Serializable,java.lang.String,org.springframework.data.rest.webmvc.PersistentEntityResourceAssembler) throws java.lang.Exception
2019-05-07 14:08:53.033  INFO 1892 --- [  restartedMain] o.s.d.r.w.RepositoryRestHandlerMapping   : Mapped "{[/{repository}/{id}/{property}],methods=[DELETE],produces=[application/hal+json || application/json]}" onto public org.springframework.http.ResponseEntity<? extends org.springframework.hateoas.ResourceSupport> org.springframework.data.rest.webmvc.RepositoryPropertyReferenceController.deletePropertyReference(org.springframework.data.rest.webmvc.RootResourceInformation,java.io.Serializable,java.lang.String) throws java.lang.Exception
2019-05-07 14:08:53.033  INFO 1892 --- [  restartedMain] o.s.d.r.w.RepositoryRestHandlerMapping   : Mapped "{[/{repository}/{id}/{property}/{propertyId}],methods=[DELETE],produces=[application/hal+json || application/json]}" onto public org.springframework.http.ResponseEntity<org.springframework.hateoas.ResourceSupport> org.springframework.data.rest.webmvc.RepositoryPropertyReferenceController.deletePropertyReferenceId(org.springframework.data.rest.webmvc.RootResourceInformation,java.io.Serializable,java.lang.String,java.lang.String) throws java.lang.Exception
2019-05-07 14:08:53.033  INFO 1892 --- [  restartedMain] o.s.d.r.w.RepositoryRestHandlerMapping   : Mapped "{[/{repository}/{id}/{property}],methods=[PATCH || PUT || POST],consumes=[application/json || application/x-spring-data-compact+json || text/uri-list],produces=[application/hal+json || application/json]}" onto public org.springframework.http.ResponseEntity<? extends org.springframework.hateoas.ResourceSupport> org.springframework.data.rest.webmvc.RepositoryPropertyReferenceController.createPropertyReference(org.springframework.data.rest.webmvc.RootResourceInformation,org.springframework.http.HttpMethod,org.springframework.hateoas.Resources<java.lang.Object>,java.io.Serializable,java.lang.String) throws java.lang.Exception
2019-05-07 14:08:53.049  INFO 1892 --- [  restartedMain] o.s.d.r.w.RepositoryRestHandlerMapping   : Mapped "{[/{repository}/{id}/{property}],methods=[GET],produces=[application/x-spring-data-compact+json || text/uri-list]}" onto public org.springframework.http.ResponseEntity<org.springframework.hateoas.ResourceSupport> org.springframework.data.rest.webmvc.RepositoryPropertyReferenceController.followPropertyReferenceCompact(org.springframework.data.rest.webmvc.RootResourceInformation,java.io.Serializable,java.lang.String,org.springframework.data.rest.webmvc.PersistentEntityResourceAssembler) throws java.lang.Exception
2019-05-07 14:08:53.049  INFO 1892 --- [  restartedMain] o.s.d.r.w.RepositoryRestHandlerMapping   : Mapped "{[/{repository}/search/{search}],methods=[GET],produces=[application/hal+json || application/json]}" onto public org.springframework.http.ResponseEntity<?> org.springframework.data.rest.webmvc.RepositorySearchController.executeSearch(org.springframework.data.rest.webmvc.RootResourceInformation,org.springframework.util.MultiValueMap<java.lang.String, java.lang.Object>,java.lang.String,org.springframework.data.rest.webmvc.support.DefaultedPageable,org.springframework.data.domain.Sort,org.springframework.data.rest.webmvc.PersistentEntityResourceAssembler,org.springframework.http.HttpHeaders)
2019-05-07 14:08:53.049  INFO 1892 --- [  restartedMain] o.s.d.r.w.RepositoryRestHandlerMapping   : Mapped "{[/{repository}/search/{search}],methods=[OPTIONS],produces=[application/hal+json || application/json]}" onto public org.springframework.http.ResponseEntity<java.lang.Object> org.springframework.data.rest.webmvc.RepositorySearchController.optionsForSearch(org.springframework.data.rest.webmvc.RootResourceInformation,java.lang.String)
2019-05-07 14:08:53.049  INFO 1892 --- [  restartedMain] o.s.d.r.w.RepositoryRestHandlerMapping   : Mapped "{[/{repository}/search/{search}],methods=[HEAD],produces=[application/hal+json || application/json]}" onto public org.springframework.http.ResponseEntity<java.lang.Object> org.springframework.data.rest.webmvc.RepositorySearchController.headForSearch(org.springframework.data.rest.webmvc.RootResourceInformation,java.lang.String)
2019-05-07 14:08:53.049  INFO 1892 --- [  restartedMain] o.s.d.r.w.RepositoryRestHandlerMapping   : Mapped "{[/{repository}/search],methods=[HEAD],produces=[application/hal+json || application/json]}" onto public org.springframework.http.HttpEntity<?> org.springframework.data.rest.webmvc.RepositorySearchController.headForSearches(org.springframework.data.rest.webmvc.RootResourceInformation)
2019-05-07 14:08:53.049  INFO 1892 --- [  restartedMain] o.s.d.r.w.RepositoryRestHandlerMapping   : Mapped "{[/{repository}/search],methods=[GET],produces=[application/hal+json || application/json]}" onto public org.springframework.data.rest.webmvc.RepositorySearchesResource org.springframework.data.rest.webmvc.RepositorySearchController.listSearches(org.springframework.data.rest.webmvc.RootResourceInformation)
2019-05-07 14:08:53.049  INFO 1892 --- [  restartedMain] o.s.d.r.w.RepositoryRestHandlerMapping   : Mapped "{[/{repository}/search],methods=[OPTIONS],produces=[application/hal+json || application/json]}" onto public org.springframework.http.HttpEntity<?> org.springframework.data.rest.webmvc.RepositorySearchController.optionsForSearches(org.springframework.data.rest.webmvc.RootResourceInformation)
2019-05-07 14:08:53.049  INFO 1892 --- [  restartedMain] o.s.d.r.w.RepositoryRestHandlerMapping   : Mapped "{[/{repository}/search/{search}],methods=[GET],produces=[application/x-spring-data-compact+json]}" onto public org.springframework.hateoas.ResourceSupport org.springframework.data.rest.webmvc.RepositorySearchController.executeSearchCompact(org.springframework.data.rest.webmvc.RootResourceInformation,org.springframework.http.HttpHeaders,org.springframework.util.MultiValueMap<java.lang.String, java.lang.Object>,java.lang.String,java.lang.String,org.springframework.data.rest.webmvc.support.DefaultedPageable,org.springframework.data.domain.Sort,org.springframework.data.rest.webmvc.PersistentEntityResourceAssembler)
2019-05-07 14:08:53.049  INFO 1892 --- [  restartedMain] o.s.d.r.w.RepositoryRestHandlerMapping   : Mapped "{[/{repository}/{id}],methods=[GET],produces=[application/hal+json || application/json]}" onto public org.springframework.http.ResponseEntity<org.springframework.hateoas.Resource<?>> org.springframework.data.rest.webmvc.RepositoryEntityController.getItemResource(org.springframework.data.rest.webmvc.RootResourceInformation,java.io.Serializable,org.springframework.data.rest.webmvc.PersistentEntityResourceAssembler,org.springframework.http.HttpHeaders) throws org.springframework.web.HttpRequestMethodNotSupportedException
2019-05-07 14:08:53.049  INFO 1892 --- [  restartedMain] o.s.d.r.w.RepositoryRestHandlerMapping   : Mapped "{[/{repository}/{id}],methods=[PUT],produces=[application/hal+json || application/json]}" onto public org.springframework.http.ResponseEntity<? extends org.springframework.hateoas.ResourceSupport> org.springframework.data.rest.webmvc.RepositoryEntityController.putItemResource(org.springframework.data.rest.webmvc.RootResourceInformation,org.springframework.data.rest.webmvc.PersistentEntityResource,java.io.Serializable,org.springframework.data.rest.webmvc.PersistentEntityResourceAssembler,org.springframework.data.rest.webmvc.support.ETag,java.lang.String) throws org.springframework.web.HttpRequestMethodNotSupportedException
2019-05-07 14:08:53.049  INFO 1892 --- [  restartedMain] o.s.d.r.w.RepositoryRestHandlerMapping   : Mapped "{[/{repository}],methods=[GET],produces=[application/x-spring-data-compact+json || text/uri-list]}" onto public org.springframework.hateoas.Resources<?> org.springframework.data.rest.webmvc.RepositoryEntityController.getCollectionResourceCompact(org.springframework.data.rest.webmvc.RootResourceInformation,org.springframework.data.rest.webmvc.support.DefaultedPageable,org.springframework.data.domain.Sort,org.springframework.data.rest.webmvc.PersistentEntityResourceAssembler) throws org.springframework.data.rest.webmvc.ResourceNotFoundException,org.springframework.web.HttpRequestMethodNotSupportedException
2019-05-07 14:08:53.049  INFO 1892 --- [  restartedMain] o.s.d.r.w.RepositoryRestHandlerMapping   : Mapped "{[/{repository}],methods=[OPTIONS],produces=[application/hal+json || application/json]}" onto public org.springframework.http.ResponseEntity<?> org.springframework.data.rest.webmvc.RepositoryEntityController.optionsForCollectionResource(org.springframework.data.rest.webmvc.RootResourceInformation)
2019-05-07 14:08:53.049  INFO 1892 --- [  restartedMain] o.s.d.r.w.RepositoryRestHandlerMapping   : Mapped "{[/{repository}/{id}],methods=[HEAD],produces=[application/hal+json || application/json]}" onto public org.springframework.http.ResponseEntity<?> org.springframework.data.rest.webmvc.RepositoryEntityController.headForItemResource(org.springframework.data.rest.webmvc.RootResourceInformation,java.io.Serializable,org.springframework.data.rest.webmvc.PersistentEntityResourceAssembler) throws org.springframework.web.HttpRequestMethodNotSupportedException
2019-05-07 14:08:53.049  INFO 1892 --- [  restartedMain] o.s.d.r.w.RepositoryRestHandlerMapping   : Mapped "{[/{repository}],methods=[GET],produces=[application/hal+json || application/json]}" onto public org.springframework.hateoas.Resources<?> org.springframework.data.rest.webmvc.RepositoryEntityController.getCollectionResource(org.springframework.data.rest.webmvc.RootResourceInformation,org.springframework.data.rest.webmvc.support.DefaultedPageable,org.springframework.data.domain.Sort,org.springframework.data.rest.webmvc.PersistentEntityResourceAssembler) throws org.springframework.data.rest.webmvc.ResourceNotFoundException,org.springframework.web.HttpRequestMethodNotSupportedException
2019-05-07 14:08:53.049  INFO 1892 --- [  restartedMain] o.s.d.r.w.RepositoryRestHandlerMapping   : Mapped "{[/{repository}/{id}],methods=[PATCH],produces=[application/hal+json || application/json]}" onto public org.springframework.http.ResponseEntity<org.springframework.hateoas.ResourceSupport> org.springframework.data.rest.webmvc.RepositoryEntityController.patchItemResource(org.springframework.data.rest.webmvc.RootResourceInformation,org.springframework.data.rest.webmvc.PersistentEntityResource,java.io.Serializable,org.springframework.data.rest.webmvc.PersistentEntityResourceAssembler,org.springframework.data.rest.webmvc.support.ETag,java.lang.String) throws org.springframework.web.HttpRequestMethodNotSupportedException,org.springframework.data.rest.webmvc.ResourceNotFoundException
2019-05-07 14:08:53.049  INFO 1892 --- [  restartedMain] o.s.d.r.w.RepositoryRestHandlerMapping   : Mapped "{[/{repository}],methods=[HEAD],produces=[application/hal+json || application/json]}" onto public org.springframework.http.ResponseEntity<?> org.springframework.data.rest.webmvc.RepositoryEntityController.headCollectionResource(org.springframework.data.rest.webmvc.RootResourceInformation,org.springframework.data.rest.webmvc.support.DefaultedPageable) throws org.springframework.web.HttpRequestMethodNotSupportedException
2019-05-07 14:08:53.049  INFO 1892 --- [  restartedMain] o.s.d.r.w.RepositoryRestHandlerMapping   : Mapped "{[/{repository}/{id}],methods=[DELETE],produces=[application/hal+json || application/json]}" onto public org.springframework.http.ResponseEntity<?> org.springframework.data.rest.webmvc.RepositoryEntityController.deleteItemResource(org.springframework.data.rest.webmvc.RootResourceInformation,java.io.Serializable,org.springframework.data.rest.webmvc.support.ETag) throws org.springframework.data.rest.webmvc.ResourceNotFoundException,org.springframework.web.HttpRequestMethodNotSupportedException
2019-05-07 14:08:53.049  INFO 1892 --- [  restartedMain] o.s.d.r.w.RepositoryRestHandlerMapping   : Mapped "{[/{repository}/{id}],methods=[OPTIONS],produces=[application/hal+json || application/json]}" onto public org.springframework.http.ResponseEntity<?> org.springframework.data.rest.webmvc.RepositoryEntityController.optionsForItemResource(org.springframework.data.rest.webmvc.RootResourceInformation)
2019-05-07 14:08:53.049  INFO 1892 --- [  restartedMain] o.s.d.r.w.RepositoryRestHandlerMapping   : Mapped "{[/{repository}],methods=[POST],produces=[application/hal+json || application/json]}" onto public org.springframework.http.ResponseEntity<org.springframework.hateoas.ResourceSupport> org.springframework.data.rest.webmvc.RepositoryEntityController.postCollectionResource(org.springframework.data.rest.webmvc.RootResourceInformation,org.springframework.data.rest.webmvc.PersistentEntityResource,org.springframework.data.rest.webmvc.PersistentEntityResourceAssembler,java.lang.String) throws org.springframework.web.HttpRequestMethodNotSupportedException
2019-05-07 14:08:53.049  INFO 1892 --- [  restartedMain] o.s.d.r.w.BasePathAwareHandlerMapping    : Mapped "{[/profile],methods=[OPTIONS]}" onto public org.springframework.http.HttpEntity<?> org.springframework.data.rest.webmvc.ProfileController.profileOptions()
2019-05-07 14:08:53.049  INFO 1892 --- [  restartedMain] o.s.d.r.w.BasePathAwareHandlerMapping    : Mapped "{[/profile],methods=[GET]}" onto org.springframework.http.HttpEntity<org.springframework.hateoas.ResourceSupport> org.springframework.data.rest.webmvc.ProfileController.listAllFormsOfMetadata()
2019-05-07 14:08:53.049  INFO 1892 --- [  restartedMain] o.s.d.r.w.BasePathAwareHandlerMapping    : Mapped "{[/profile/{repository}],methods=[GET],produces=[application/alps+json || */*]}" onto org.springframework.http.HttpEntity<org.springframework.data.rest.webmvc.RootResourceInformation> org.springframework.data.rest.webmvc.alps.AlpsController.descriptor(org.springframework.data.rest.webmvc.RootResourceInformation)
2019-05-07 14:08:53.049  INFO 1892 --- [  restartedMain] o.s.d.r.w.BasePathAwareHandlerMapping    : Mapped "{[/profile/{repository}],methods=[OPTIONS],produces=[application/alps+json]}" onto org.springframework.http.HttpEntity<?> org.springframework.data.rest.webmvc.alps.AlpsController.alpsOptions()
2019-05-07 14:08:53.049  INFO 1892 --- [  restartedMain] o.s.d.r.w.BasePathAwareHandlerMapping    : Mapped "{[/profile/{repository}],methods=[GET],produces=[application/schema+json]}" onto public org.springframework.http.HttpEntity<org.springframework.data.rest.webmvc.json.JsonSchema> org.springframework.data.rest.webmvc.RepositorySchemaController.schema(org.springframework.data.rest.webmvc.RootResourceInformation)
2019-05-07 14:08:53.127  INFO 1892 --- [  restartedMain] o.s.b.d.a.OptionalLiveReloadServer       : LiveReload server is running on port 35729
2019-05-07 14:08:53.158  INFO 1892 --- [  restartedMain] o.s.j.e.a.AnnotationMBeanExporter        : Registering beans for JMX exposure on startup
2019-05-07 14:08:53.268  INFO 1892 --- [  restartedMain] s.b.c.e.t.TomcatEmbeddedServletContainer : Tomcat started on port(s): 8197 (http)
2019-05-07 14:09:55.208  INFO 1892 --- [nio-8197-exec-4] o.s.web.servlet.DispatcherServlet        : FrameworkServlet 'dispatcherServlet': initialization started
2019-05-07 14:09:55.219  INFO 1892 --- [nio-8197-exec-4] o.s.web.servlet.DispatcherServlet        : FrameworkServlet 'dispatcherServlet': initialization completed in 11 ms
2019-05-07 14:13:43.886  INFO 1892 --- [nio-8197-exec-2] c.s.e.vue.controller.EmployeeController  : 4-------------findAllDepartments-----------------------------Tue May 07 14:13:43 KST 2019
2019-05-07 14:14:02.429  INFO 1892 --- [nio-8197-exec-8] c.s.e.vue.controller.EmployeeController  : 1-------------findAllEmployees-----------------------------Tue May 07 14:14:02 KST 2019
2019-05-07 14:14:10.501  INFO 1892 --- [nio-8197-exec-6] c.s.e.vue.controller.EmployeeController  : 4-------------findAllDepartments-----------------------------Tue May 07 14:14:10 KST 2019
2019-05-07 14:15:22.450  INFO 1892 --- [nio-8197-exec-7] c.s.e.vue.controller.EmployeeController  : 4-------------findAllDepartments-----------------------------Tue May 07 14:15:22 KST 2019
2019-05-07 14:15:39.983  INFO 1892 --- [nio-8197-exec-8] c.s.e.vue.controller.EmployeeController  : 1-------------findAllEmployees-----------------------------Tue May 07 14:15:39 KST 2019
2019-05-07 14:15:57.587  INFO 1892 --- [io-8197-exec-10] c.s.e.vue.controller.EmployeeController  : 2-------------findAllEmployees-----------------------------Tue May 07 14:15:57 KST 2019
2019-05-07 14:18:48.135  INFO 1892 --- [nio-8197-exec-1] c.s.e.vue.controller.EmployeeController  : 1-------------findAllEmployees-----------------------------Tue May 07 14:18:48 KST 2019
2019-05-07 14:19:57.632  INFO 1892 --- [nio-8197-exec-7] c.s.e.vue.controller.EmployeeController  : 1-------------findAllEmployees-----------------------------Tue May 07 14:19:57 KST 2019
2019-05-07 14:20:03.924  INFO 1892 --- [nio-8197-exec-2] c.s.e.vue.controller.EmployeeController  : 1-------------findAllEmployees-----------------------------Tue May 07 14:20:03 KST 2019
2019-05-07 14:20:04.439  INFO 1892 --- [nio-8197-exec-8] c.s.e.vue.controller.EmployeeController  : 1-------------findAllEmployees-----------------------------Tue May 07 14:20:04 KST 2019
2019-05-07 14:20:04.818  INFO 1892 --- [nio-8197-exec-6] c.s.e.vue.controller.EmployeeController  : 1-------------findAllEmployees-----------------------------Tue May 07 14:20:04 KST 2019
2019-05-07 14:21:13.146  INFO 1892 --- [nio-8197-exec-9] c.s.e.vue.controller.EmployeeController  : 1-------------findAllEmployees-----------------------------Tue May 07 14:21:13 KST 2019
2019-05-07 14:21:14.346  INFO 1892 --- [nio-8197-exec-1] c.s.e.vue.controller.EmployeeController  : 1-------------findAllEmployees-----------------------------Tue May 07 14:21:14 KST 2019
2019-05-07 14:21:17.194  INFO 1892 --- [nio-8197-exec-3] c.s.e.vue.controller.EmployeeController  : 3-------------findLikeEmployees-----------------------------Tue May 07 14:21:17 KST 2019
2019-05-07 14:21:17.311  INFO 1892 --- [nio-8197-exec-5] c.s.e.vue.controller.EmployeeController  : 3-------------findLikeEmployees-----------------------------Tue May 07 14:21:17 KST 2019
2019-05-07 14:21:17.407  INFO 1892 --- [nio-8197-exec-7] c.s.e.vue.controller.EmployeeController  : 3-------------findLikeEmployees-----------------------------Tue May 07 14:21:17 KST 2019
2019-05-07 14:21:17.652  INFO 1892 --- [nio-8197-exec-2] c.s.e.vue.controller.EmployeeController  : 3-------------findLikeEmployees-----------------------------Tue May 07 14:21:17 KST 2019
2019-05-07 14:21:17.800  INFO 1892 --- [nio-8197-exec-8] c.s.e.vue.controller.EmployeeController  : 3-------------findLikeEmployees-----------------------------Tue May 07 14:21:17 KST 2019
2019-05-07 14:21:18.544  INFO 1892 --- [nio-8197-exec-1] c.s.e.vue.controller.EmployeeController  : 3-------------findLikeEmployees-----------------------------Tue May 07 14:21:18 KST 2019
2019-05-07 14:21:18.664  INFO 1892 --- [nio-8197-exec-3] c.s.e.vue.controller.EmployeeController  : 3-------------findLikeEmployees-----------------------------Tue May 07 14:21:18 KST 2019
2019-05-07 14:21:20.790  INFO 1892 --- [nio-8197-exec-5] c.s.e.vue.controller.EmployeeController  : 3-------------findLikeEmployees-----------------------------Tue May 07 14:21:20 KST 2019
2019-05-07 14:21:20.892  INFO 1892 --- [nio-8197-exec-7] c.s.e.vue.controller.EmployeeController  : 3-------------findLikeEmployees-----------------------------Tue May 07 14:21:20 KST 2019
2019-05-07 14:21:21.000  INFO 1892 --- [nio-8197-exec-2] c.s.e.vue.controller.EmployeeController  : 3-------------findLikeEmployees-----------------------------Tue May 07 14:21:21 KST 2019
2019-05-07 14:21:21.588  INFO 1892 --- [nio-8197-exec-8] c.s.e.vue.controller.EmployeeController  : 3-------------findLikeEmployees-----------------------------Tue May 07 14:21:21 KST 2019
2019-05-07 14:21:22.135  INFO 1892 --- [nio-8197-exec-6] c.s.e.vue.controller.EmployeeController  : 3-------------findLikeEmployees-----------------------------Tue May 07 14:21:22 KST 2019
2019-05-07 14:21:22.303  INFO 1892 --- [io-8197-exec-10] c.s.e.vue.controller.EmployeeController  : 3-------------findLikeEmployees-----------------------------Tue May 07 14:21:22 KST 2019
2019-05-07 14:21:22.497  INFO 1892 --- [nio-8197-exec-4] c.s.e.vue.controller.EmployeeController  : 3-------------findLikeEmployees-----------------------------Tue May 07 14:21:22 KST 2019
2019-05-07 14:21:22.587  INFO 1892 --- [nio-8197-exec-9] c.s.e.vue.controller.EmployeeController  : 3-------------findLikeEmployees-----------------------------Tue May 07 14:21:22 KST 2019
2019-05-07 14:21:22.669  INFO 1892 --- [nio-8197-exec-1] c.s.e.vue.controller.EmployeeController  : 3-------------findLikeEmployees-----------------------------Tue May 07 14:21:22 KST 2019
2019-05-07 14:21:22.851  INFO 1892 --- [nio-8197-exec-3] c.s.e.vue.controller.EmployeeController  : 3-------------findLikeEmployees-----------------------------Tue May 07 14:21:22 KST 2019
2019-05-07 14:21:22.939  INFO 1892 --- [nio-8197-exec-5] c.s.e.vue.controller.EmployeeController  : 3-------------findLikeEmployees-----------------------------Tue May 07 14:21:22 KST 2019
2019-05-07 14:21:23.064  INFO 1892 --- [nio-8197-exec-7] c.s.e.vue.controller.EmployeeController  : 3-------------findLikeEmployees-----------------------------Tue May 07 14:21:23 KST 2019
2019-05-07 14:21:23.460  INFO 1892 --- [nio-8197-exec-2] c.s.e.vue.controller.EmployeeController  : 3-------------findLikeEmployees-----------------------------Tue May 07 14:21:23 KST 2019
2019-05-07 14:21:25.319  INFO 1892 --- [nio-8197-exec-8] c.s.e.vue.controller.EmployeeController  : 3-------------findLikeEmployees-----------------------------Tue May 07 14:21:25 KST 2019
2019-05-07 14:21:25.528  INFO 1892 --- [nio-8197-exec-6] c.s.e.vue.controller.EmployeeController  : 3-------------findLikeEmployees-----------------------------Tue May 07 14:21:25 KST 2019
2019-05-07 14:21:27.328  INFO 1892 --- [nio-8197-exec-2] c.s.e.vue.controller.EmployeeController  : 3-------------findLikeEmployees-----------------------------Tue May 07 14:21:27 KST 2019
2019-05-07 14:21:27.824  INFO 1892 --- [nio-8197-exec-8] c.s.e.vue.controller.EmployeeController  : 3-------------findLikeEmployees-----------------------------Tue May 07 14:21:27 KST 2019
2019-05-07 14:21:28.202  INFO 1892 --- [nio-8197-exec-6] c.s.e.vue.controller.EmployeeController  : 3-------------findLikeEmployees-----------------------------Tue May 07 14:21:28 KST 2019
2019-05-07 14:21:30.156  INFO 1892 --- [nio-8197-exec-7] c.s.e.vue.controller.EmployeeController  : 3-------------findLikeEmployees-----------------------------Tue May 07 14:21:30 KST 2019
2019-05-07 14:21:31.923  INFO 1892 --- [nio-8197-exec-9] c.s.e.vue.controller.EmployeeController  : 3-------------findLikeEmployees-----------------------------Tue May 07 14:21:31 KST 2019
2019-05-07 14:26:12.487  INFO 1892 --- [nio-8197-exec-5] c.s.e.vue.controller.EmployeeController  : 1-------------findAllEmployees-----------------------------Tue May 07 14:26:12 KST 2019
2019-05-07 14:26:12.487  INFO 1892 --- [nio-8197-exec-7] c.s.e.vue.controller.EmployeeController  : 6-------------findAllTitles-----------------------------Tue May 07 14:26:12 KST 2019
2019-05-07 14:26:12.487  INFO 1892 --- [nio-8197-exec-3] c.s.e.vue.controller.EmployeeController  : 4-------------findAllDepartments-----------------------------Tue May 07 14:26:12 KST 2019
2019-05-07 14:26:27.178  INFO 1892 --- [nio-8197-exec-8] c.s.e.vue.controller.EmployeeController  : 4-------------findAllDepartments-----------------------------Tue May 07 14:26:27 KST 2019
2019-05-07 14:26:27.178  INFO 1892 --- [nio-8197-exec-6] c.s.e.vue.controller.EmployeeController  : 6-------------findAllTitles-----------------------------Tue May 07 14:26:27 KST 2019
2019-05-07 14:26:27.178  INFO 1892 --- [nio-8197-exec-2] c.s.e.vue.controller.EmployeeController  : 1-------------findAllEmployees-----------------------------Tue May 07 14:26:27 KST 2019
2019-05-07 14:26:36.293  INFO 1892 --- [nio-8197-exec-9] c.s.e.vue.controller.EmployeeController  : 6-------------findAllTitles-----------------------------Tue May 07 14:26:36 KST 2019
2019-05-07 14:26:36.293  INFO 1892 --- [io-8197-exec-10] c.s.e.vue.controller.EmployeeController  : 1-------------findAllEmployees-----------------------------Tue May 07 14:26:36 KST 2019
2019-05-07 14:26:36.293  INFO 1892 --- [nio-8197-exec-4] c.s.e.vue.controller.EmployeeController  : 4-------------findAllDepartments-----------------------------Tue May 07 14:26:36 KST 2019
2019-05-07 14:27:47.925  INFO 1892 --- [nio-8197-exec-8] c.s.e.vue.controller.EmployeeController  : 5-------------addEmployee-----------------------------Tue May 07 14:27:47 KST 2019
2019-05-07 14:27:47.925  INFO 1892 --- [nio-8197-exec-8] c.s.e.vue.controller.EmployeeController  : 5-------------addEmployee-----------------------------EmployeeDto [id=0, name=김싸피, mailid=ssafy@ssafy.com, start_date=2019-05-13, manager_id=1, title=사원, dept_id=110, salary=4000.0, commission_pct=500.0]
2019-05-07 14:27:47.947  INFO 1892 --- [nio-8197-exec-8] o.s.b.f.xml.XmlBeanDefinitionReader      : Loading XML bean definitions from class path resource [org/springframework/jdbc/support/sql-error-codes.xml]
2019-05-07 14:27:47.957  INFO 1892 --- [nio-8197-exec-8] o.s.jdbc.support.SQLErrorCodesFactory    : SQLErrorCodes loaded: [DB2, Derby, H2, HSQL, Informix, MS-SQL, MySQL, Oracle, PostgreSQL, Sybase, Hana]
2019-05-07 14:27:47.973 ERROR 1892 --- [nio-8197-exec-8] o.a.c.c.C.[.[.[.[dispatcherServlet]      : Servlet.service() for servlet [dispatcherServlet] in context with path [/ssafyvue] threw exception [Request processing failed; nested exception is org.springframework.dao.DataIntegrityViolationException: 
### Error updating database.  Cause: com.mysql.cj.jdbc.exceptions.MysqlDataTruncation: Data truncation: Data too long for column 'mailid' at row 1
### The error may involve com.ssafy.edu.vue.dao.HrmMapper.addEmployee-Inline
### The error occurred while setting parameters
### SQL: INSERT INTO s_emp          (id, name, mailid, start_date, manager_id, title, dept_id,      SALARY,       COMMISSION_PCT)    VALUES(             ?,?,?,?,          ?                                  ,?,?,?,          ?                               )
### Cause: com.mysql.cj.jdbc.exceptions.MysqlDataTruncation: Data truncation: Data too long for column 'mailid' at row 1
; SQL []; Data truncation: Data too long for column 'mailid' at row 1; nested exception is com.mysql.cj.jdbc.exceptions.MysqlDataTruncation: Data truncation: Data too long for column 'mailid' at row 1] with root cause

com.mysql.cj.jdbc.exceptions.MysqlDataTruncation: Data truncation: Data too long for column 'mailid' at row 1
	at com.mysql.cj.jdbc.exceptions.SQLExceptionsMapping.translateException(SQLExceptionsMapping.java:104)
	at com.mysql.cj.jdbc.ClientPreparedStatement.executeInternal(ClientPreparedStatement.java:974)
	at com.mysql.cj.jdbc.ClientPreparedStatement.execute(ClientPreparedStatement.java:391)
	at sun.reflect.GeneratedMethodAccessor126.invoke(Unknown Source)
	at sun.reflect.DelegatingMethodAccessorImpl.invoke(DelegatingMethodAccessorImpl.java:43)
	at java.lang.reflect.Method.invoke(Method.java:498)
	at org.apache.tomcat.jdbc.pool.StatementFacade$StatementProxy.invoke(StatementFacade.java:114)
	at com.sun.proxy.$Proxy122.execute(Unknown Source)
	at org.apache.ibatis.executor.statement.PreparedStatementHandler.update(PreparedStatementHandler.java:46)
	at org.apache.ibatis.executor.statement.RoutingStatementHandler.update(RoutingStatementHandler.java:74)
	at org.apache.ibatis.executor.SimpleExecutor.doUpdate(SimpleExecutor.java:50)
	at org.apache.ibatis.executor.BaseExecutor.update(BaseExecutor.java:117)
	at org.apache.ibatis.executor.CachingExecutor.update(CachingExecutor.java:76)
	at org.apache.ibatis.session.defaults.DefaultSqlSession.update(DefaultSqlSession.java:198)
	at org.apache.ibatis.session.defaults.DefaultSqlSession.insert(DefaultSqlSession.java:185)
	at sun.reflect.NativeMethodAccessorImpl.invoke0(Native Method)
	at sun.reflect.NativeMethodAccessorImpl.invoke(NativeMethodAccessorImpl.java:62)
	at sun.reflect.DelegatingMethodAccessorImpl.invoke(DelegatingMethodAccessorImpl.java:43)
	at java.lang.reflect.Method.invoke(Method.java:498)
	at org.mybatis.spring.SqlSessionTemplate$SqlSessionInterceptor.invoke(SqlSessionTemplate.java:433)
	at com.sun.proxy.$Proxy70.insert(Unknown Source)
	at org.mybatis.spring.SqlSessionTemplate.insert(SqlSessionTemplate.java:278)
	at com.ssafy.edu.vue.dao.SSAFyDaoImpl.addEmployee(SSAFyDaoImpl.java:36)
	at com.ssafy.edu.vue.dao.SSAFyDaoImpl$$FastClassBySpringCGLIB$$96fa5341.invoke(<generated>)
	at org.springframework.cglib.proxy.MethodProxy.invoke(MethodProxy.java:204)
	at org.springframework.aop.framework.CglibAopProxy$CglibMethodInvocation.invokeJoinpoint(CglibAopProxy.java:738)
	at org.springframework.aop.framework.ReflectiveMethodInvocation.proceed(ReflectiveMethodInvocation.java:157)
	at org.springframework.dao.support.PersistenceExceptionTranslationInterceptor.invoke(PersistenceExceptionTranslationInterceptor.java:136)
	at org.springframework.aop.framework.ReflectiveMethodInvocation.proceed(ReflectiveMethodInvocation.java:179)
	at org.springframework.aop.framework.CglibAopProxy$DynamicAdvisedInterceptor.intercept(CglibAopProxy.java:673)
	at com.ssafy.edu.vue.dao.SSAFyDaoImpl$$EnhancerBySpringCGLIB$$caf2e009.addEmployee(<generated>)
	at com.ssafy.edu.vue.service.EmployeeServiceImpl.addEmployee(EmployeeServiceImpl.java:43)
	at sun.reflect.NativeMethodAccessorImpl.invoke0(Native Method)
	at sun.reflect.NativeMethodAccessorImpl.invoke(NativeMethodAccessorImpl.java:62)
	at sun.reflect.DelegatingMethodAccessorImpl.invoke(DelegatingMethodAccessorImpl.java:43)
	at java.lang.reflect.Method.invoke(Method.java:498)
	at org.springframework.aop.support.AopUtils.invokeJoinpointUsingReflection(AopUtils.java:333)
	at org.springframework.aop.framework.ReflectiveMethodInvocation.invokeJoinpoint(ReflectiveMethodInvocation.java:190)
	at org.springframework.aop.framework.ReflectiveMethodInvocation.proceed(ReflectiveMethodInvocation.java:157)
	at org.springframework.transaction.interceptor.TransactionInterceptor$1.proceedWithInvocation(TransactionInterceptor.java:99)
	at org.springframework.transaction.interceptor.TransactionAspectSupport.invokeWithinTransaction(TransactionAspectSupport.java:282)
	at org.springframework.transaction.interceptor.TransactionInterceptor.invoke(TransactionInterceptor.java:96)
	at org.springframework.aop.framework.ReflectiveMethodInvocation.proceed(ReflectiveMethodInvocation.java:179)
	at org.springframework.aop.framework.JdkDynamicAopProxy.invoke(JdkDynamicAopProxy.java:213)
	at com.sun.proxy.$Proxy73.addEmployee(Unknown Source)
	at com.ssafy.edu.vue.controller.EmployeeController.addEmployee(EmployeeController.java:95)
	at sun.reflect.NativeMethodAccessorImpl.invoke0(Native Method)
	at sun.reflect.NativeMethodAccessorImpl.invoke(NativeMethodAccessorImpl.java:62)
	at sun.reflect.DelegatingMethodAccessorImpl.invoke(DelegatingMethodAccessorImpl.java:43)
	at java.lang.reflect.Method.invoke(Method.java:498)
	at org.springframework.web.method.support.InvocableHandlerMethod.doInvoke(InvocableHandlerMethod.java:205)
	at org.springframework.web.method.support.InvocableHandlerMethod.invokeForRequest(InvocableHandlerMethod.java:133)
	at org.springframework.web.servlet.mvc.method.annotation.ServletInvocableHandlerMethod.invokeAndHandle(ServletInvocableHandlerMethod.java:97)
	at org.springframework.web.servlet.mvc.method.annotation.RequestMappingHandlerAdapter.invokeHandlerMethod(RequestMappingHandlerAdapter.java:827)
	at org.springframework.web.servlet.mvc.method.annotation.RequestMappingHandlerAdapter.handleInternal(RequestMappingHandlerAdapter.java:738)
	at org.springframework.web.servlet.mvc.method.AbstractHandlerMethodAdapter.handle(AbstractHandlerMethodAdapter.java:85)
	at org.springframework.web.servlet.DispatcherServlet.doDispatch(DispatcherServlet.java:967)
	at org.springframework.web.servlet.DispatcherServlet.doService(DispatcherServlet.java:901)
	at org.springframework.web.servlet.FrameworkServlet.processRequest(FrameworkServlet.java:970)
	at org.springframework.web.servlet.FrameworkServlet.doPost(FrameworkServlet.java:872)
	at javax.servlet.http.HttpServlet.service(HttpServlet.java:661)
	at org.springframework.web.servlet.FrameworkServlet.service(FrameworkServlet.java:846)
	at javax.servlet.http.HttpServlet.service(HttpServlet.java:742)
	at org.apache.catalina.core.ApplicationFilterChain.internalDoFilter(ApplicationFilterChain.java:231)
	at org.apache.catalina.core.ApplicationFilterChain.doFilter(ApplicationFilterChain.java:166)
	at org.apache.tomcat.websocket.server.WsFilter.doFilter(WsFilter.java:52)
	at org.apache.catalina.core.ApplicationFilterChain.internalDoFilter(ApplicationFilterChain.java:193)
	at org.apache.catalina.core.ApplicationFilterChain.doFilter(ApplicationFilterChain.java:166)
	at org.springframework.web.filter.RequestContextFilter.doFilterInternal(RequestContextFilter.java:99)
	at org.springframework.web.filter.OncePerRequestFilter.doFilter(OncePerRequestFilter.java:107)
	at org.apache.catalina.core.ApplicationFilterChain.internalDoFilter(ApplicationFilterChain.java:193)
	at org.apache.catalina.core.ApplicationFilterChain.doFilter(ApplicationFilterChain.java:166)
	at org.springframework.web.filter.HttpPutFormContentFilter.doFilterInternal(HttpPutFormContentFilter.java:105)
	at org.springframework.web.filter.OncePerRequestFilter.doFilter(OncePerRequestFilter.java:107)
	at org.apache.catalina.core.ApplicationFilterChain.internalDoFilter(ApplicationFilterChain.java:193)
	at org.apache.catalina.core.ApplicationFilterChain.doFilter(ApplicationFilterChain.java:166)
	at org.springframework.web.filter.HiddenHttpMethodFilter.doFilterInternal(HiddenHttpMethodFilter.java:81)
	at org.springframework.web.filter.OncePerRequestFilter.doFilter(OncePerRequestFilter.java:107)
	at org.apache.catalina.core.ApplicationFilterChain.internalDoFilter(ApplicationFilterChain.java:193)
	at org.apache.catalina.core.ApplicationFilterChain.doFilter(ApplicationFilterChain.java:166)
	at org.springframework.web.filter.CharacterEncodingFilter.doFilterInternal(CharacterEncodingFilter.java:197)
	at org.springframework.web.filter.OncePerRequestFilter.doFilter(OncePerRequestFilter.java:107)
	at org.apache.catalina.core.ApplicationFilterChain.internalDoFilter(ApplicationFilterChain.java:193)
	at org.apache.catalina.core.ApplicationFilterChain.doFilter(ApplicationFilterChain.java:166)
	at org.apache.catalina.core.StandardWrapperValve.invoke(StandardWrapperValve.java:198)
	at org.apache.catalina.core.StandardContextValve.invoke(StandardContextValve.java:96)
	at org.apache.catalina.authenticator.AuthenticatorBase.invoke(AuthenticatorBase.java:478)
	at org.apache.catalina.core.StandardHostValve.invoke(StandardHostValve.java:140)
	at org.apache.catalina.valves.ErrorReportValve.invoke(ErrorReportValve.java:80)
	at org.apache.catalina.core.StandardEngineValve.invoke(StandardEngineValve.java:87)
	at org.apache.catalina.connector.CoyoteAdapter.service(CoyoteAdapter.java:342)
	at org.apache.coyote.http11.Http11Processor.service(Http11Processor.java:799)
	at org.apache.coyote.AbstractProcessorLight.process(AbstractProcessorLight.java:66)
	at org.apache.coyote.AbstractProtocol$ConnectionHandler.process(AbstractProtocol.java:861)
	at org.apache.tomcat.util.net.NioEndpoint$SocketProcessor.doRun(NioEndpoint.java:1455)
	at org.apache.tomcat.util.net.SocketProcessorBase.run(SocketProcessorBase.java:49)
	at java.util.concurrent.ThreadPoolExecutor.runWorker(ThreadPoolExecutor.java:1149)
	at java.util.concurrent.ThreadPoolExecutor$Worker.run(ThreadPoolExecutor.java:624)
	at org.apache.tomcat.util.threads.TaskThread$WrappingRunnable.run(TaskThread.java:61)
	at java.lang.Thread.run(Thread.java:748)

2019-05-07 14:28:26.789  INFO 1892 --- [nio-8197-exec-6] c.s.e.vue.controller.EmployeeController  : 5-------------addEmployee-----------------------------Tue May 07 14:28:26 KST 2019
2019-05-07 14:28:26.789  INFO 1892 --- [nio-8197-exec-6] c.s.e.vue.controller.EmployeeController  : 5-------------addEmployee-----------------------------EmployeeDto [id=0, name=김싸피, mailid=ssafy, start_date=2019-05-13, manager_id=1, title=사원, dept_id=110, salary=4000.0, commission_pct=500.0]
2019-05-07 14:28:26.793 ERROR 1892 --- [nio-8197-exec-6] o.a.c.c.C.[.[.[.[dispatcherServlet]      : Servlet.service() for servlet [dispatcherServlet] in context with path [/ssafyvue] threw exception [Request processing failed; nested exception is org.springframework.dao.DataIntegrityViolationException: 
### Error updating database.  Cause: com.mysql.cj.jdbc.exceptions.MysqlDataTruncation: Data truncation: Out of range value for column 'commission_pct' at row 1
### The error may involve com.ssafy.edu.vue.dao.HrmMapper.addEmployee-Inline
### The error occurred while setting parameters
### SQL: INSERT INTO s_emp          (id, name, mailid, start_date, manager_id, title, dept_id,      SALARY,       COMMISSION_PCT)    VALUES(             ?,?,?,?,          ?                                  ,?,?,?,          ?                               )
### Cause: com.mysql.cj.jdbc.exceptions.MysqlDataTruncation: Data truncation: Out of range value for column 'commission_pct' at row 1
; SQL []; Data truncation: Out of range value for column 'commission_pct' at row 1; nested exception is com.mysql.cj.jdbc.exceptions.MysqlDataTruncation: Data truncation: Out of range value for column 'commission_pct' at row 1] with root cause

com.mysql.cj.jdbc.exceptions.MysqlDataTruncation: Data truncation: Out of range value for column 'commission_pct' at row 1
	at com.mysql.cj.jdbc.exceptions.SQLExceptionsMapping.translateException(SQLExceptionsMapping.java:104)
	at com.mysql.cj.jdbc.ClientPreparedStatement.executeInternal(ClientPreparedStatement.java:974)
	at com.mysql.cj.jdbc.ClientPreparedStatement.execute(ClientPreparedStatement.java:391)
	at sun.reflect.GeneratedMethodAccessor126.invoke(Unknown Source)
	at sun.reflect.DelegatingMethodAccessorImpl.invoke(DelegatingMethodAccessorImpl.java:43)
	at java.lang.reflect.Method.invoke(Method.java:498)
	at org.apache.tomcat.jdbc.pool.StatementFacade$StatementProxy.invoke(StatementFacade.java:114)
	at com.sun.proxy.$Proxy122.execute(Unknown Source)
	at org.apache.ibatis.executor.statement.PreparedStatementHandler.update(PreparedStatementHandler.java:46)
	at org.apache.ibatis.executor.statement.RoutingStatementHandler.update(RoutingStatementHandler.java:74)
	at org.apache.ibatis.executor.SimpleExecutor.doUpdate(SimpleExecutor.java:50)
	at org.apache.ibatis.executor.BaseExecutor.update(BaseExecutor.java:117)
	at org.apache.ibatis.executor.CachingExecutor.update(CachingExecutor.java:76)
	at org.apache.ibatis.session.defaults.DefaultSqlSession.update(DefaultSqlSession.java:198)
	at org.apache.ibatis.session.defaults.DefaultSqlSession.insert(DefaultSqlSession.java:185)
	at sun.reflect.NativeMethodAccessorImpl.invoke0(Native Method)
	at sun.reflect.NativeMethodAccessorImpl.invoke(NativeMethodAccessorImpl.java:62)
	at sun.reflect.DelegatingMethodAccessorImpl.invoke(DelegatingMethodAccessorImpl.java:43)
	at java.lang.reflect.Method.invoke(Method.java:498)
	at org.mybatis.spring.SqlSessionTemplate$SqlSessionInterceptor.invoke(SqlSessionTemplate.java:433)
	at com.sun.proxy.$Proxy70.insert(Unknown Source)
	at org.mybatis.spring.SqlSessionTemplate.insert(SqlSessionTemplate.java:278)
	at com.ssafy.edu.vue.dao.SSAFyDaoImpl.addEmployee(SSAFyDaoImpl.java:36)
	at com.ssafy.edu.vue.dao.SSAFyDaoImpl$$FastClassBySpringCGLIB$$96fa5341.invoke(<generated>)
	at org.springframework.cglib.proxy.MethodProxy.invoke(MethodProxy.java:204)
	at org.springframework.aop.framework.CglibAopProxy$CglibMethodInvocation.invokeJoinpoint(CglibAopProxy.java:738)
	at org.springframework.aop.framework.ReflectiveMethodInvocation.proceed(ReflectiveMethodInvocation.java:157)
	at org.springframework.dao.support.PersistenceExceptionTranslationInterceptor.invoke(PersistenceExceptionTranslationInterceptor.java:136)
	at org.springframework.aop.framework.ReflectiveMethodInvocation.proceed(ReflectiveMethodInvocation.java:179)
	at org.springframework.aop.framework.CglibAopProxy$DynamicAdvisedInterceptor.intercept(CglibAopProxy.java:673)
	at com.ssafy.edu.vue.dao.SSAFyDaoImpl$$EnhancerBySpringCGLIB$$caf2e009.addEmployee(<generated>)
	at com.ssafy.edu.vue.service.EmployeeServiceImpl.addEmployee(EmployeeServiceImpl.java:43)
	at sun.reflect.NativeMethodAccessorImpl.invoke0(Native Method)
	at sun.reflect.NativeMethodAccessorImpl.invoke(NativeMethodAccessorImpl.java:62)
	at sun.reflect.DelegatingMethodAccessorImpl.invoke(DelegatingMethodAccessorImpl.java:43)
	at java.lang.reflect.Method.invoke(Method.java:498)
	at org.springframework.aop.support.AopUtils.invokeJoinpointUsingReflection(AopUtils.java:333)
	at org.springframework.aop.framework.ReflectiveMethodInvocation.invokeJoinpoint(ReflectiveMethodInvocation.java:190)
	at org.springframework.aop.framework.ReflectiveMethodInvocation.proceed(ReflectiveMethodInvocation.java:157)
	at org.springframework.transaction.interceptor.TransactionInterceptor$1.proceedWithInvocation(TransactionInterceptor.java:99)
	at org.springframework.transaction.interceptor.TransactionAspectSupport.invokeWithinTransaction(TransactionAspectSupport.java:282)
	at org.springframework.transaction.interceptor.TransactionInterceptor.invoke(TransactionInterceptor.java:96)
	at org.springframework.aop.framework.ReflectiveMethodInvocation.proceed(ReflectiveMethodInvocation.java:179)
	at org.springframework.aop.framework.JdkDynamicAopProxy.invoke(JdkDynamicAopProxy.java:213)
	at com.sun.proxy.$Proxy73.addEmployee(Unknown Source)
	at com.ssafy.edu.vue.controller.EmployeeController.addEmployee(EmployeeController.java:95)
	at sun.reflect.NativeMethodAccessorImpl.invoke0(Native Method)
	at sun.reflect.NativeMethodAccessorImpl.invoke(NativeMethodAccessorImpl.java:62)
	at sun.reflect.DelegatingMethodAccessorImpl.invoke(DelegatingMethodAccessorImpl.java:43)
	at java.lang.reflect.Method.invoke(Method.java:498)
	at org.springframework.web.method.support.InvocableHandlerMethod.doInvoke(InvocableHandlerMethod.java:205)
	at org.springframework.web.method.support.InvocableHandlerMethod.invokeForRequest(InvocableHandlerMethod.java:133)
	at org.springframework.web.servlet.mvc.method.annotation.ServletInvocableHandlerMethod.invokeAndHandle(ServletInvocableHandlerMethod.java:97)
	at org.springframework.web.servlet.mvc.method.annotation.RequestMappingHandlerAdapter.invokeHandlerMethod(RequestMappingHandlerAdapter.java:827)
	at org.springframework.web.servlet.mvc.method.annotation.RequestMappingHandlerAdapter.handleInternal(RequestMappingHandlerAdapter.java:738)
	at org.springframework.web.servlet.mvc.method.AbstractHandlerMethodAdapter.handle(AbstractHandlerMethodAdapter.java:85)
	at org.springframework.web.servlet.DispatcherServlet.doDispatch(DispatcherServlet.java:967)
	at org.springframework.web.servlet.DispatcherServlet.doService(DispatcherServlet.java:901)
	at org.springframework.web.servlet.FrameworkServlet.processRequest(FrameworkServlet.java:970)
	at org.springframework.web.servlet.FrameworkServlet.doPost(FrameworkServlet.java:872)
	at javax.servlet.http.HttpServlet.service(HttpServlet.java:661)
	at org.springframework.web.servlet.FrameworkServlet.service(FrameworkServlet.java:846)
	at javax.servlet.http.HttpServlet.service(HttpServlet.java:742)
	at org.apache.catalina.core.ApplicationFilterChain.internalDoFilter(ApplicationFilterChain.java:231)
	at org.apache.catalina.core.ApplicationFilterChain.doFilter(ApplicationFilterChain.java:166)
	at org.apache.tomcat.websocket.server.WsFilter.doFilter(WsFilter.java:52)
	at org.apache.catalina.core.ApplicationFilterChain.internalDoFilter(ApplicationFilterChain.java:193)
	at org.apache.catalina.core.ApplicationFilterChain.doFilter(ApplicationFilterChain.java:166)
	at org.springframework.web.filter.RequestContextFilter.doFilterInternal(RequestContextFilter.java:99)
	at org.springframework.web.filter.OncePerRequestFilter.doFilter(OncePerRequestFilter.java:107)
	at org.apache.catalina.core.ApplicationFilterChain.internalDoFilter(ApplicationFilterChain.java:193)
	at org.apache.catalina.core.ApplicationFilterChain.doFilter(ApplicationFilterChain.java:166)
	at org.springframework.web.filter.HttpPutFormContentFilter.doFilterInternal(HttpPutFormContentFilter.java:105)
	at org.springframework.web.filter.OncePerRequestFilter.doFilter(OncePerRequestFilter.java:107)
	at org.apache.catalina.core.ApplicationFilterChain.internalDoFilter(ApplicationFilterChain.java:193)
	at org.apache.catalina.core.ApplicationFilterChain.doFilter(ApplicationFilterChain.java:166)
	at org.springframework.web.filter.HiddenHttpMethodFilter.doFilterInternal(HiddenHttpMethodFilter.java:81)
	at org.springframework.web.filter.OncePerRequestFilter.doFilter(OncePerRequestFilter.java:107)
	at org.apache.catalina.core.ApplicationFilterChain.internalDoFilter(ApplicationFilterChain.java:193)
	at org.apache.catalina.core.ApplicationFilterChain.doFilter(ApplicationFilterChain.java:166)
	at org.springframework.web.filter.CharacterEncodingFilter.doFilterInternal(CharacterEncodingFilter.java:197)
	at org.springframework.web.filter.OncePerRequestFilter.doFilter(OncePerRequestFilter.java:107)
	at org.apache.catalina.core.ApplicationFilterChain.internalDoFilter(ApplicationFilterChain.java:193)
	at org.apache.catalina.core.ApplicationFilterChain.doFilter(ApplicationFilterChain.java:166)
	at org.apache.catalina.core.StandardWrapperValve.invoke(StandardWrapperValve.java:198)
	at org.apache.catalina.core.StandardContextValve.invoke(StandardContextValve.java:96)
	at org.apache.catalina.authenticator.AuthenticatorBase.invoke(AuthenticatorBase.java:478)
	at org.apache.catalina.core.StandardHostValve.invoke(StandardHostValve.java:140)
	at org.apache.catalina.valves.ErrorReportValve.invoke(ErrorReportValve.java:80)
	at org.apache.catalina.core.StandardEngineValve.invoke(StandardEngineValve.java:87)
	at org.apache.catalina.connector.CoyoteAdapter.service(CoyoteAdapter.java:342)
	at org.apache.coyote.http11.Http11Processor.service(Http11Processor.java:799)
	at org.apache.coyote.AbstractProcessorLight.process(AbstractProcessorLight.java:66)
	at org.apache.coyote.AbstractProtocol$ConnectionHandler.process(AbstractProtocol.java:861)
	at org.apache.tomcat.util.net.NioEndpoint$SocketProcessor.doRun(NioEndpoint.java:1455)
	at org.apache.tomcat.util.net.SocketProcessorBase.run(SocketProcessorBase.java:49)
	at java.util.concurrent.ThreadPoolExecutor.runWorker(ThreadPoolExecutor.java:1149)
	at java.util.concurrent.ThreadPoolExecutor$Worker.run(ThreadPoolExecutor.java:624)
	at org.apache.tomcat.util.threads.TaskThread$WrappingRunnable.run(TaskThread.java:61)
	at java.lang.Thread.run(Thread.java:748)

2019-05-07 14:28:36.006  INFO 1892 --- [nio-8197-exec-2] c.s.e.vue.controller.EmployeeController  : 5-------------addEmployee-----------------------------Tue May 07 14:28:36 KST 2019
2019-05-07 14:28:36.006  INFO 1892 --- [nio-8197-exec-2] c.s.e.vue.controller.EmployeeController  : 5-------------addEmployee-----------------------------EmployeeDto [id=0, name=김싸피, mailid=ssafy, start_date=2019-05-13, manager_id=1, title=사원, dept_id=110, salary=4000.0, commission_pct=500.0]
2019-05-07 14:28:36.009 ERROR 1892 --- [nio-8197-exec-2] o.a.c.c.C.[.[.[.[dispatcherServlet]      : Servlet.service() for servlet [dispatcherServlet] in context with path [/ssafyvue] threw exception [Request processing failed; nested exception is org.springframework.dao.DataIntegrityViolationException: 
### Error updating database.  Cause: com.mysql.cj.jdbc.exceptions.MysqlDataTruncation: Data truncation: Out of range value for column 'commission_pct' at row 1
### The error may involve com.ssafy.edu.vue.dao.HrmMapper.addEmployee-Inline
### The error occurred while setting parameters
### SQL: INSERT INTO s_emp          (id, name, mailid, start_date, manager_id, title, dept_id,      SALARY,       COMMISSION_PCT)    VALUES(             ?,?,?,?,          ?                                  ,?,?,?,          ?                               )
### Cause: com.mysql.cj.jdbc.exceptions.MysqlDataTruncation: Data truncation: Out of range value for column 'commission_pct' at row 1
; SQL []; Data truncation: Out of range value for column 'commission_pct' at row 1; nested exception is com.mysql.cj.jdbc.exceptions.MysqlDataTruncation: Data truncation: Out of range value for column 'commission_pct' at row 1] with root cause

com.mysql.cj.jdbc.exceptions.MysqlDataTruncation: Data truncation: Out of range value for column 'commission_pct' at row 1
	at com.mysql.cj.jdbc.exceptions.SQLExceptionsMapping.translateException(SQLExceptionsMapping.java:104)
	at com.mysql.cj.jdbc.ClientPreparedStatement.executeInternal(ClientPreparedStatement.java:974)
	at com.mysql.cj.jdbc.ClientPreparedStatement.execute(ClientPreparedStatement.java:391)
	at sun.reflect.GeneratedMethodAccessor126.invoke(Unknown Source)
	at sun.reflect.DelegatingMethodAccessorImpl.invoke(DelegatingMethodAccessorImpl.java:43)
	at java.lang.reflect.Method.invoke(Method.java:498)
	at org.apache.tomcat.jdbc.pool.StatementFacade$StatementProxy.invoke(StatementFacade.java:114)
	at com.sun.proxy.$Proxy122.execute(Unknown Source)
	at org.apache.ibatis.executor.statement.PreparedStatementHandler.update(PreparedStatementHandler.java:46)
	at org.apache.ibatis.executor.statement.RoutingStatementHandler.update(RoutingStatementHandler.java:74)
	at org.apache.ibatis.executor.SimpleExecutor.doUpdate(SimpleExecutor.java:50)
	at org.apache.ibatis.executor.BaseExecutor.update(BaseExecutor.java:117)
	at org.apache.ibatis.executor.CachingExecutor.update(CachingExecutor.java:76)
	at org.apache.ibatis.session.defaults.DefaultSqlSession.update(DefaultSqlSession.java:198)
	at org.apache.ibatis.session.defaults.DefaultSqlSession.insert(DefaultSqlSession.java:185)
	at sun.reflect.NativeMethodAccessorImpl.invoke0(Native Method)
	at sun.reflect.NativeMethodAccessorImpl.invoke(NativeMethodAccessorImpl.java:62)
	at sun.reflect.DelegatingMethodAccessorImpl.invoke(DelegatingMethodAccessorImpl.java:43)
	at java.lang.reflect.Method.invoke(Method.java:498)
	at org.mybatis.spring.SqlSessionTemplate$SqlSessionInterceptor.invoke(SqlSessionTemplate.java:433)
	at com.sun.proxy.$Proxy70.insert(Unknown Source)
	at org.mybatis.spring.SqlSessionTemplate.insert(SqlSessionTemplate.java:278)
	at com.ssafy.edu.vue.dao.SSAFyDaoImpl.addEmployee(SSAFyDaoImpl.java:36)
	at com.ssafy.edu.vue.dao.SSAFyDaoImpl$$FastClassBySpringCGLIB$$96fa5341.invoke(<generated>)
	at org.springframework.cglib.proxy.MethodProxy.invoke(MethodProxy.java:204)
	at org.springframework.aop.framework.CglibAopProxy$CglibMethodInvocation.invokeJoinpoint(CglibAopProxy.java:738)
	at org.springframework.aop.framework.ReflectiveMethodInvocation.proceed(ReflectiveMethodInvocation.java:157)
	at org.springframework.dao.support.PersistenceExceptionTranslationInterceptor.invoke(PersistenceExceptionTranslationInterceptor.java:136)
	at org.springframework.aop.framework.ReflectiveMethodInvocation.proceed(ReflectiveMethodInvocation.java:179)
	at org.springframework.aop.framework.CglibAopProxy$DynamicAdvisedInterceptor.intercept(CglibAopProxy.java:673)
	at com.ssafy.edu.vue.dao.SSAFyDaoImpl$$EnhancerBySpringCGLIB$$caf2e009.addEmployee(<generated>)
	at com.ssafy.edu.vue.service.EmployeeServiceImpl.addEmployee(EmployeeServiceImpl.java:43)
	at sun.reflect.NativeMethodAccessorImpl.invoke0(Native Method)
	at sun.reflect.NativeMethodAccessorImpl.invoke(NativeMethodAccessorImpl.java:62)
	at sun.reflect.DelegatingMethodAccessorImpl.invoke(DelegatingMethodAccessorImpl.java:43)
	at java.lang.reflect.Method.invoke(Method.java:498)
	at org.springframework.aop.support.AopUtils.invokeJoinpointUsingReflection(AopUtils.java:333)
	at org.springframework.aop.framework.ReflectiveMethodInvocation.invokeJoinpoint(ReflectiveMethodInvocation.java:190)
	at org.springframework.aop.framework.ReflectiveMethodInvocation.proceed(ReflectiveMethodInvocation.java:157)
	at org.springframework.transaction.interceptor.TransactionInterceptor$1.proceedWithInvocation(TransactionInterceptor.java:99)
	at org.springframework.transaction.interceptor.TransactionAspectSupport.invokeWithinTransaction(TransactionAspectSupport.java:282)
	at org.springframework.transaction.interceptor.TransactionInterceptor.invoke(TransactionInterceptor.java:96)
	at org.springframework.aop.framework.ReflectiveMethodInvocation.proceed(ReflectiveMethodInvocation.java:179)
	at org.springframework.aop.framework.JdkDynamicAopProxy.invoke(JdkDynamicAopProxy.java:213)
	at com.sun.proxy.$Proxy73.addEmployee(Unknown Source)
	at com.ssafy.edu.vue.controller.EmployeeController.addEmployee(EmployeeController.java:95)
	at sun.reflect.NativeMethodAccessorImpl.invoke0(Native Method)
	at sun.reflect.NativeMethodAccessorImpl.invoke(NativeMethodAccessorImpl.java:62)
	at sun.reflect.DelegatingMethodAccessorImpl.invoke(DelegatingMethodAccessorImpl.java:43)
	at java.lang.reflect.Method.invoke(Method.java:498)
	at org.springframework.web.method.support.InvocableHandlerMethod.doInvoke(InvocableHandlerMethod.java:205)
	at org.springframework.web.method.support.InvocableHandlerMethod.invokeForRequest(InvocableHandlerMethod.java:133)
	at org.springframework.web.servlet.mvc.method.annotation.ServletInvocableHandlerMethod.invokeAndHandle(ServletInvocableHandlerMethod.java:97)
	at org.springframework.web.servlet.mvc.method.annotation.RequestMappingHandlerAdapter.invokeHandlerMethod(RequestMappingHandlerAdapter.java:827)
	at org.springframework.web.servlet.mvc.method.annotation.RequestMappingHandlerAdapter.handleInternal(RequestMappingHandlerAdapter.java:738)
	at org.springframework.web.servlet.mvc.method.AbstractHandlerMethodAdapter.handle(AbstractHandlerMethodAdapter.java:85)
	at org.springframework.web.servlet.DispatcherServlet.doDispatch(DispatcherServlet.java:967)
	at org.springframework.web.servlet.DispatcherServlet.doService(DispatcherServlet.java:901)
	at org.springframework.web.servlet.FrameworkServlet.processRequest(FrameworkServlet.java:970)
	at org.springframework.web.servlet.FrameworkServlet.doPost(FrameworkServlet.java:872)
	at javax.servlet.http.HttpServlet.service(HttpServlet.java:661)
	at org.springframework.web.servlet.FrameworkServlet.service(FrameworkServlet.java:846)
	at javax.servlet.http.HttpServlet.service(HttpServlet.java:742)
	at org.apache.catalina.core.ApplicationFilterChain.internalDoFilter(ApplicationFilterChain.java:231)
	at org.apache.catalina.core.ApplicationFilterChain.doFilter(ApplicationFilterChain.java:166)
	at org.apache.tomcat.websocket.server.WsFilter.doFilter(WsFilter.java:52)
	at org.apache.catalina.core.ApplicationFilterChain.internalDoFilter(ApplicationFilterChain.java:193)
	at org.apache.catalina.core.ApplicationFilterChain.doFilter(ApplicationFilterChain.java:166)
	at org.springframework.web.filter.RequestContextFilter.doFilterInternal(RequestContextFilter.java:99)
	at org.springframework.web.filter.OncePerRequestFilter.doFilter(OncePerRequestFilter.java:107)
	at org.apache.catalina.core.ApplicationFilterChain.internalDoFilter(ApplicationFilterChain.java:193)
	at org.apache.catalina.core.ApplicationFilterChain.doFilter(ApplicationFilterChain.java:166)
	at org.springframework.web.filter.HttpPutFormContentFilter.doFilterInternal(HttpPutFormContentFilter.java:105)
	at org.springframework.web.filter.OncePerRequestFilter.doFilter(OncePerRequestFilter.java:107)
	at org.apache.catalina.core.ApplicationFilterChain.internalDoFilter(ApplicationFilterChain.java:193)
	at org.apache.catalina.core.ApplicationFilterChain.doFilter(ApplicationFilterChain.java:166)
	at org.springframework.web.filter.HiddenHttpMethodFilter.doFilterInternal(HiddenHttpMethodFilter.java:81)
	at org.springframework.web.filter.OncePerRequestFilter.doFilter(OncePerRequestFilter.java:107)
	at org.apache.catalina.core.ApplicationFilterChain.internalDoFilter(ApplicationFilterChain.java:193)
	at org.apache.catalina.core.ApplicationFilterChain.doFilter(ApplicationFilterChain.java:166)
	at org.springframework.web.filter.CharacterEncodingFilter.doFilterInternal(CharacterEncodingFilter.java:197)
	at org.springframework.web.filter.OncePerRequestFilter.doFilter(OncePerRequestFilter.java:107)
	at org.apache.catalina.core.ApplicationFilterChain.internalDoFilter(ApplicationFilterChain.java:193)
	at org.apache.catalina.core.ApplicationFilterChain.doFilter(ApplicationFilterChain.java:166)
	at org.apache.catalina.core.StandardWrapperValve.invoke(StandardWrapperValve.java:198)
	at org.apache.catalina.core.StandardContextValve.invoke(StandardContextValve.java:96)
	at org.apache.catalina.authenticator.AuthenticatorBase.invoke(AuthenticatorBase.java:478)
	at org.apache.catalina.core.StandardHostValve.invoke(StandardHostValve.java:140)
	at org.apache.catalina.valves.ErrorReportValve.invoke(ErrorReportValve.java:80)
	at org.apache.catalina.core.StandardEngineValve.invoke(StandardEngineValve.java:87)
	at org.apache.catalina.connector.CoyoteAdapter.service(CoyoteAdapter.java:342)
	at org.apache.coyote.http11.Http11Processor.service(Http11Processor.java:799)
	at org.apache.coyote.AbstractProcessorLight.process(AbstractProcessorLight.java:66)
	at org.apache.coyote.AbstractProtocol$ConnectionHandler.process(AbstractProtocol.java:861)
	at org.apache.tomcat.util.net.NioEndpoint$SocketProcessor.doRun(NioEndpoint.java:1455)
	at org.apache.tomcat.util.net.SocketProcessorBase.run(SocketProcessorBase.java:49)
	at java.util.concurrent.ThreadPoolExecutor.runWorker(ThreadPoolExecutor.java:1149)
	at java.util.concurrent.ThreadPoolExecutor$Worker.run(ThreadPoolExecutor.java:624)
	at org.apache.tomcat.util.threads.TaskThread$WrappingRunnable.run(TaskThread.java:61)
	at java.lang.Thread.run(Thread.java:748)

2019-05-07 14:28:47.317  INFO 1892 --- [nio-8197-exec-9] c.s.e.vue.controller.EmployeeController  : 5-------------addEmployee-----------------------------Tue May 07 14:28:47 KST 2019
2019-05-07 14:28:47.317  INFO 1892 --- [nio-8197-exec-9] c.s.e.vue.controller.EmployeeController  : 5-------------addEmployee-----------------------------EmployeeDto [id=0, name=김싸피, mailid=ssafy, start_date=2019-05-13, manager_id=1, title=사원, dept_id=110, salary=4000.0, commission_pct=50.0]
2019-05-07 14:28:47.330  INFO 1892 --- [nio-8197-exec-9] c.s.e.vue.controller.EmployeeController  : 5-------------addEmployee-------id------------------26
2019-05-07 14:28:48.880  INFO 1892 --- [nio-8197-exec-4] c.s.e.vue.controller.EmployeeController  : 1-------------findAllEmployees-----------------------------Tue May 07 14:28:48 KST 2019
2019-05-07 14:39:48.699  INFO 1892 --- [nio-8197-exec-1] c.s.e.vue.controller.EmployeeController  : 1-------------findAllEmployees-----------------------------Tue May 07 14:39:48 KST 2019
2019-05-07 14:39:50.151  INFO 1892 --- [nio-8197-exec-7] c.s.e.vue.controller.EmployeeController  : 1-------------findAllEmployees-----------------------------Tue May 07 14:39:50 KST 2019
2019-05-07 14:39:53.339  INFO 1892 --- [nio-8197-exec-3] c.s.e.vue.controller.EmployeeController  : 1-------------findAllEmployees-----------------------------Tue May 07 14:39:53 KST 2019
2019-05-07 14:39:58.087  INFO 1892 --- [nio-8197-exec-5] c.s.e.vue.controller.EmployeeController  : 1-------------findAllEmployees-----------------------------Tue May 07 14:39:58 KST 2019
2019-05-07 14:41:07.607  INFO 1892 --- [nio-8197-exec-6] c.s.e.vue.controller.EmployeeController  : 1-------------findAllEmployees-----------------------------Tue May 07 14:41:07 KST 2019
2019-05-07 14:41:13.998  INFO 1892 --- [nio-8197-exec-2] c.s.e.vue.controller.EmployeeController  : 1-------------findAllEmployees-----------------------------Tue May 07 14:41:13 KST 2019
2019-05-07 14:41:17.237  INFO 1892 --- [nio-8197-exec-9] c.s.e.vue.controller.EmployeeController  : 1-------------findAllEmployees-----------------------------Tue May 07 14:41:17 KST 2019
2019-05-07 14:41:19.776  INFO 1892 --- [nio-8197-exec-4] c.s.e.vue.controller.EmployeeController  : 3-------------findLikeEmployees-----------------------------Tue May 07 14:41:19 KST 2019
2019-05-07 14:41:19.896  INFO 1892 --- [io-8197-exec-10] c.s.e.vue.controller.EmployeeController  : 3-------------findLikeEmployees-----------------------------Tue May 07 14:41:19 KST 2019
2019-05-07 14:41:19.989  INFO 1892 --- [nio-8197-exec-1] c.s.e.vue.controller.EmployeeController  : 3-------------findLikeEmployees-----------------------------Tue May 07 14:41:19 KST 2019
2019-05-07 14:41:20.209  INFO 1892 --- [nio-8197-exec-7] c.s.e.vue.controller.EmployeeController  : 3-------------findLikeEmployees-----------------------------Tue May 07 14:41:20 KST 2019
2019-05-07 14:41:20.246  INFO 1892 --- [nio-8197-exec-3] c.s.e.vue.controller.EmployeeController  : 3-------------findLikeEmployees-----------------------------Tue May 07 14:41:20 KST 2019
2019-05-07 14:41:20.429  INFO 1892 --- [nio-8197-exec-5] c.s.e.vue.controller.EmployeeController  : 3-------------findLikeEmployees-----------------------------Tue May 07 14:41:20 KST 2019
2019-05-07 14:41:20.582  INFO 1892 --- [nio-8197-exec-8] c.s.e.vue.controller.EmployeeController  : 3-------------findLikeEmployees-----------------------------Tue May 07 14:41:20 KST 2019
2019-05-07 14:41:20.740  INFO 1892 --- [nio-8197-exec-6] c.s.e.vue.controller.EmployeeController  : 3-------------findLikeEmployees-----------------------------Tue May 07 14:41:20 KST 2019
2019-05-07 14:41:21.699  INFO 1892 --- [nio-8197-exec-1] c.s.e.vue.controller.EmployeeController  : 3-------------findLikeEmployees-----------------------------Tue May 07 14:41:21 KST 2019
2019-05-07 14:41:21.713  INFO 1892 --- [nio-8197-exec-7] c.s.e.vue.controller.EmployeeController  : 3-------------findLikeEmployees-----------------------------Tue May 07 14:41:21 KST 2019
2019-05-07 14:41:21.774  INFO 1892 --- [nio-8197-exec-3] c.s.e.vue.controller.EmployeeController  : 3-------------findLikeEmployees-----------------------------Tue May 07 14:41:21 KST 2019
2019-05-07 14:41:21.956  INFO 1892 --- [nio-8197-exec-5] c.s.e.vue.controller.EmployeeController  : 3-------------findLikeEmployees-----------------------------Tue May 07 14:41:21 KST 2019
2019-05-07 14:41:22.036  INFO 1892 --- [nio-8197-exec-8] c.s.e.vue.controller.EmployeeController  : 3-------------findLikeEmployees-----------------------------Tue May 07 14:41:22 KST 2019
2019-05-07 14:41:22.770  INFO 1892 --- [nio-8197-exec-6] c.s.e.vue.controller.EmployeeController  : 3-------------findLikeEmployees-----------------------------Tue May 07 14:41:22 KST 2019
2019-05-07 14:41:23.064  INFO 1892 --- [nio-8197-exec-2] c.s.e.vue.controller.EmployeeController  : 3-------------findLikeEmployees-----------------------------Tue May 07 14:41:23 KST 2019
2019-05-07 14:41:29.468  INFO 1892 --- [nio-8197-exec-9] c.s.e.vue.controller.EmployeeController  : 3-------------findLikeEmployees-----------------------------Tue May 07 14:41:29 KST 2019
2019-05-07 14:41:29.672  INFO 1892 --- [nio-8197-exec-4] c.s.e.vue.controller.EmployeeController  : 3-------------findLikeEmployees-----------------------------Tue May 07 14:41:29 KST 2019
2019-05-07 14:41:38.129  INFO 1892 --- [io-8197-exec-10] c.s.e.vue.controller.EmployeeController  : 3-------------findLikeEmployees-----------------------------Tue May 07 14:41:38 KST 2019
2019-05-07 14:41:53.143  INFO 1892 --- [nio-8197-exec-7] c.s.e.vue.controller.EmployeeController  : 4-------------findAllDepartments-----------------------------Tue May 07 14:41:53 KST 2019
2019-05-07 14:41:53.143  INFO 1892 --- [nio-8197-exec-3] c.s.e.vue.controller.EmployeeController  : 6-------------findAllTitles-----------------------------Tue May 07 14:41:53 KST 2019
2019-05-07 14:41:53.143  INFO 1892 --- [nio-8197-exec-1] c.s.e.vue.controller.EmployeeController  : 1-------------findAllEmployees-----------------------------Tue May 07 14:41:53 KST 2019
2019-05-07 14:41:54.211  INFO 1892 --- [nio-8197-exec-5] c.s.e.vue.controller.EmployeeController  : 1-------------findAllEmployees-----------------------------Tue May 07 14:41:54 KST 2019
2019-05-07 14:41:54.633  INFO 1892 --- [nio-8197-exec-8] c.s.e.vue.controller.EmployeeController  : 1-------------findAllEmployees-----------------------------Tue May 07 14:41:54 KST 2019
2019-05-07 14:41:56.379  INFO 1892 --- [nio-8197-exec-2] c.s.e.vue.controller.EmployeeController  : 4-------------findAllDepartments-----------------------------Tue May 07 14:41:56 KST 2019
2019-05-07 14:41:56.379  INFO 1892 --- [nio-8197-exec-9] c.s.e.vue.controller.EmployeeController  : 6-------------findAllTitles-----------------------------Tue May 07 14:41:56 KST 2019
2019-05-07 14:41:56.379  INFO 1892 --- [nio-8197-exec-6] c.s.e.vue.controller.EmployeeController  : 1-------------findAllEmployees-----------------------------Tue May 07 14:41:56 KST 2019
2019-05-07 14:42:06.644  INFO 1892 --- [nio-8197-exec-4] c.s.e.vue.controller.EmployeeController  : 1-------------findAllEmployees-----------------------------Tue May 07 14:42:06 KST 2019
2019-05-07 14:42:07.936  INFO 1892 --- [nio-8197-exec-3] c.s.e.vue.controller.EmployeeController  : 6-------------findAllTitles-----------------------------Tue May 07 14:42:07 KST 2019
2019-05-07 14:42:07.936  INFO 1892 --- [nio-8197-exec-7] c.s.e.vue.controller.EmployeeController  : 4-------------findAllDepartments-----------------------------Tue May 07 14:42:07 KST 2019
2019-05-07 14:42:07.936  INFO 1892 --- [io-8197-exec-10] c.s.e.vue.controller.EmployeeController  : 1-------------findAllEmployees-----------------------------Tue May 07 14:42:07 KST 2019
2019-05-07 14:42:08.422  INFO 1892 --- [nio-8197-exec-1] c.s.e.vue.controller.EmployeeController  : 1-------------findAllEmployees-----------------------------Tue May 07 14:42:08 KST 2019
2019-05-07 14:42:09.405  INFO 1892 --- [nio-8197-exec-5] c.s.e.vue.controller.EmployeeController  : 1-------------findAllEmployees-----------------------------Tue May 07 14:42:09 KST 2019
2019-05-07 14:42:23.045  INFO 1892 --- [nio-8197-exec-8] c.s.e.vue.controller.EmployeeController  : 1-------------findAllEmployees-----------------------------Tue May 07 14:42:23 KST 2019
2019-05-07 14:42:25.491  INFO 1892 --- [nio-8197-exec-9] c.s.e.vue.controller.EmployeeController  : 1-------------findAllEmployees-----------------------------Tue May 07 14:42:25 KST 2019
2019-05-07 14:42:26.065  INFO 1892 --- [nio-8197-exec-2] c.s.e.vue.controller.EmployeeController  : 1-------------findAllEmployees-----------------------------Tue May 07 14:42:26 KST 2019
2019-05-07 14:42:26.453  INFO 1892 --- [nio-8197-exec-6] c.s.e.vue.controller.EmployeeController  : 1-------------findAllEmployees-----------------------------Tue May 07 14:42:26 KST 2019
2019-05-07 14:42:26.852  INFO 1892 --- [nio-8197-exec-4] c.s.e.vue.controller.EmployeeController  : 1-------------findAllEmployees-----------------------------Tue May 07 14:42:26 KST 2019
2019-05-07 14:42:27.193  INFO 1892 --- [nio-8197-exec-7] c.s.e.vue.controller.EmployeeController  : 1-------------findAllEmployees-----------------------------Tue May 07 14:42:27 KST 2019
2019-05-07 15:00:57.798  INFO 1892 --- [nio-8197-exec-5] c.s.e.vue.controller.EmployeeController  : 1-------------findAllEmployees-----------------------------Tue May 07 15:00:57 KST 2019
2019-05-07 15:00:59.149  INFO 1892 --- [nio-8197-exec-8] c.s.e.vue.controller.EmployeeController  : 1-------------findAllEmployees-----------------------------Tue May 07 15:00:59 KST 2019
2019-05-07 15:00:59.553  INFO 1892 --- [nio-8197-exec-9] c.s.e.vue.controller.EmployeeController  : 1-------------findAllEmployees-----------------------------Tue May 07 15:00:59 KST 2019
2019-05-07 15:01:01.217  INFO 1892 --- [nio-8197-exec-2] c.s.e.vue.controller.EmployeeController  : 1-------------findAllEmployees-----------------------------Tue May 07 15:01:01 KST 2019
2019-05-07 15:01:04.165  INFO 1892 --- [nio-8197-exec-6] c.s.e.vue.controller.EmployeeController  : 1-------------findAllEmployees-----------------------------Tue May 07 15:01:04 KST 2019
2019-05-07 15:11:47.189  INFO 1892 --- [nio-8197-exec-7] c.s.e.vue.controller.EmployeeController  : 1-------------findAllEmployees-----------------------------Tue May 07 15:11:47 KST 2019
2019-05-07 15:14:50.623  INFO 1892 --- [io-8197-exec-10] c.s.e.vue.controller.EmployeeController  : 1-------------findAllEmployees-----------------------------Tue May 07 15:14:50 KST 2019
2019-05-07 15:18:19.120  INFO 1892 --- [nio-8197-exec-5] c.s.e.vue.controller.EmployeeController  : 1-------------findAllEmployees-----------------------------Tue May 07 15:18:19 KST 2019
2019-05-07 15:18:20.815  INFO 1892 --- [nio-8197-exec-8] c.s.e.vue.controller.EmployeeController  : 1-------------findAllEmployees-----------------------------Tue May 07 15:18:20 KST 2019
2019-05-07 15:18:21.435  INFO 1892 --- [nio-8197-exec-9] c.s.e.vue.controller.EmployeeController  : 1-------------findAllEmployees-----------------------------Tue May 07 15:18:21 KST 2019
2019-05-07 15:19:14.615  INFO 1892 --- [nio-8197-exec-2] c.s.e.vue.controller.EmployeeController  : 1-------------findAllEmployees-----------------------------Tue May 07 15:19:14 KST 2019
2019-05-07 15:19:15.267  INFO 1892 --- [nio-8197-exec-6] c.s.e.vue.controller.EmployeeController  : 1-------------findAllEmployees-----------------------------Tue May 07 15:19:15 KST 2019
2019-05-07 15:19:15.268  INFO 1892 --- [nio-8197-exec-7] c.s.e.vue.controller.EmployeeController  : 6-------------findAllTitles-----------------------------Tue May 07 15:19:15 KST 2019
2019-05-07 15:19:15.268  INFO 1892 --- [nio-8197-exec-4] c.s.e.vue.controller.EmployeeController  : 4-------------findAllDepartments-----------------------------Tue May 07 15:19:15 KST 2019
2019-05-07 15:19:16.278  INFO 1892 --- [nio-8197-exec-3] c.s.e.vue.controller.EmployeeController  : 1-------------findAllEmployees-----------------------------Tue May 07 15:19:16 KST 2019
2019-05-07 15:32:20.650  INFO 1892 --- [on(2)-127.0.0.1] inMXBeanRegistrar$SpringApplicationAdmin : Application shutdown requested.
2019-05-07 15:32:20.665  INFO 1892 --- [on(2)-127.0.0.1] ationConfigEmbeddedWebApplicationContext : Closing org.springframework.boot.context.embedded.AnnotationConfigEmbeddedWebApplicationContext@7d4f33f7: startup date [Tue May 07 14:08:50 KST 2019]; root of context hierarchy
2019-05-07 15:32:20.668  INFO 1892 --- [on(2)-127.0.0.1] o.s.j.e.a.AnnotationMBeanExporter        : Unregistering JMX-exposed beans on shutdown
